<?xml version="1.0" encoding="UTF-8"?>
<testsuite name="com.kodilla.library.LibraryApplicationTests" tests="1" skipped="0" failures="0" errors="0" timestamp="2024-09-26T06:21:02" hostname="LAPTOP-9SB6R8T8" time="0.671">
  <properties/>
  <testcase name="contextLoads()" classname="com.kodilla.library.LibraryApplicationTests" time="0.671"/>
  <system-out><![CDATA[08:21:00.767 [Test worker] INFO org.springframework.test.context.support.AnnotationConfigContextLoaderUtils -- Could not detect default configuration classes for test class [com.kodilla.library.LibraryApplicationTests]: LibraryApplicationTests does not declare any static, non-private, non-final, nested classes annotated with @Configuration.
08:21:00.860 [Test worker] INFO org.springframework.boot.test.context.SpringBootTestContextBootstrapper -- Found @SpringBootConfiguration com.kodilla.library.LibraryApplication for test class com.kodilla.library.LibraryApplicationTests

  .   ____          _            __ _ _
 /\\ / ___'_ __ _ _(_)_ __  __ _ \ \ \ \
( ( )\___ | '_ | '_| | '_ \/ _` | \ \ \ \
 \\/  ___)| |_)| | | | | || (_| |  ) ) ) )
  '  |____| .__|_| |_|_| |_\__, | / / / /
 =========|_|==============|___/=/_/_/_/

 :: Spring Boot ::                (v3.3.4)

2024-09-26T08:21:01.223+02:00  INFO 9492 --- [library] [    Test worker] c.k.library.LibraryApplicationTests      : Starting LibraryApplicationTests using Java 21.0.1 with PID 9492 (started by serak in C:\Users\serak\dev\kodilla-course\kodilla-2nd-camp\library)
2024-09-26T08:21:01.224+02:00  INFO 9492 --- [library] [    Test worker] c.k.library.LibraryApplicationTests      : No active profile set, falling back to 1 default profile: "default"
2024-09-26T08:21:02.375+02:00  WARN 9492 --- [library] [    Test worker] .s.s.UserDetailsServiceAutoConfiguration : 

Using generated security password: 979b081a-3aed-4b9a-a71d-3f95a534db9f

This generated password is for development use only. Your security configuration must be updated before running your application in production.

2024-09-26T08:21:02.401+02:00  INFO 9492 --- [library] [    Test worker] r$InitializeUserDetailsManagerConfigurer : Global AuthenticationManager configured with UserDetailsService bean with name inMemoryUserDetailsManager
2024-09-26T08:21:02.533+02:00  INFO 9492 --- [library] [    Test worker] c.k.library.LibraryApplicationTests      : Started LibraryApplicationTests in 1.529 seconds (process running for 2.554)
]]></system-out>
  <system-err><![CDATA[WARNING: A Java agent has been loaded dynamically (C:\Users\serak\.gradle\caches\modules-2\files-2.1\net.bytebuddy\byte-buddy-agent\1.14.19\154da3a65b4f4a909d3e5bdec55d1b2b4cbb6ce1\byte-buddy-agent-1.14.19.jar)
WARNING: If a serviceability tool is in use, please run with -XX:+EnableDynamicAgentLoading to hide this warning
WARNING: If a serviceability tool is not in use, please run with -Djdk.instrument.traceUsage for more information
WARNING: Dynamic loading of agents will be disallowed by default in a future release
]]></system-err>
</testsuite>
